SF:lib/common/game_features.dart
DA:30,2
DA:32,1
DA:51,3
DA:52,3
DA:53,3
DA:57,3
DA:68,2
DA:69,2
DA:72,3
DA:83,0
DA:84,0
DA:88,3
DA:101,0
DA:102,0
DA:104,0
DA:107,3
DA:122,0
DA:123,0
DA:124,0
DA:128,3
DA:129,1
DA:130,1
DA:131,1
DA:132,1
LF:24
LH:16
end_of_record
SF:lib/common/widget_keys.dart
DA:16,4
DA:40,3
LF:2
LH:2
end_of_record
SF:lib/main.dart
DA:6,0
DA:7,0
DA:8,0
DA:9,0
DA:12,3
DA:15,2
DA:18,1
DA:20,1
DA:22,1
DA:29,2
LF:10
LH:6
end_of_record
SF:lib/common/bubble.dart
DA:14,1
DA:16,1
DA:19,1
DA:21,0
DA:23,1
DA:24,1
DA:25,2
DA:26,5
DA:27,2
DA:34,1
DA:37,1
DA:47,1
DA:49,1
DA:50,1
DA:55,2
DA:56,2
DA:60,2
DA:67,1
DA:69,2
DA:70,1
DA:71,3
DA:72,2
DA:73,5
DA:76,3
DA:77,4
DA:79,1
DA:82,1
DA:84,2
DA:85,2
DA:86,2
DA:87,1
DA:90,1
DA:92,1
DA:93,1
DA:96,1
DA:98,1
DA:99,1
DA:102,1
DA:103,2
DA:104,2
DA:107,1
DA:109,2
DA:110,4
DA:111,5
DA:113,1
DA:114,1
DA:115,1
DA:116,1
DA:117,3
DA:120,1
DA:121,3
DA:123,2
DA:124,1
DA:125,1
DA:128,1
DA:130,5
DA:131,2
LF:57
LH:56
end_of_record
SF:lib/common/custom_button.dart
DA:13,1
DA:21,1
DA:22,1
DA:31,1
DA:33,2
DA:37,3
DA:38,5
DA:39,2
DA:40,1
DA:43,1
DA:45,2
DA:46,1
DA:49,1
DA:50,4
DA:51,2
DA:52,0
DA:53,3
DA:54,2
DA:56,1
DA:57,1
DA:58,3
DA:61,1
DA:62,2
DA:64,4
DA:66,1
DA:67,6
DA:68,4
DA:70,1
DA:75,3
DA:76,6
DA:78,8
DA:80,3
DA:82,1
DA:84,2
DA:88,1
DA:90,4
DA:91,4
DA:93,2
DA:95,2
DA:98,1
DA:100,1
DA:102,1
DA:103,2
DA:104,1
DA:105,4
DA:107,1
DA:108,1
DA:111,2
DA:113,1
DA:116,1
LF:50
LH:49
end_of_record
SF:lib/common/fitted_text.dart
DA:7,1
DA:9,1
DA:11,1
DA:12,1
DA:13,1
DA:15,1
DA:16,1
DA:17,1
LF:8
LH:8
end_of_record
SF:lib/common/custom_fab.dart
DA:8,1
DA:14,1
DA:16,1
DA:17,1
DA:18,1
DA:19,1
DA:20,4
DA:25,1
DA:26,1
DA:27,2
LF:10
LH:10
end_of_record
SF:lib/common/game_aware.dart
DA:12,1
DA:17,0
DA:18,0
DA:20,0
DA:21,0
DA:22,0
LF:6
LH:1
end_of_record
SF:lib/games/large_shot.dart
DA:7,3
DA:9,1
DA:10,1
DA:14,3
DA:16,1
DA:17,1
LF:6
LH:6
end_of_record
SF:lib/games/morra.dart
DA:13,0
DA:15,0
DA:16,0
DA:22,0
DA:24,0
DA:25,0
DA:28,0
DA:30,0
DA:32,0
DA:33,0
DA:34,0
DA:35,0
DA:36,0
DA:40,0
DA:42,0
DA:43,0
DA:44,0
DA:47,0
DA:48,0
DA:50,0
DA:52,0
DA:53,0
DA:56,0
DA:57,0
DA:58,0
DA:59,0
DA:60,0
DA:62,0
DA:63,0
DA:65,0
DA:66,0
DA:67,0
DA:68,0
DA:69,0
DA:70,0
DA:76,0
DA:78,0
DA:80,0
DA:104,0
DA:106,0
DA:108,0
DA:109,0
DA:111,0
DA:113,0
DA:115,0
DA:116,0
DA:124,0
DA:126,0
DA:127,0
DA:136,0
DA:138,0
DA:139,0
DA:140,0
DA:141,0
DA:142,0
DA:143,0
DA:145,0
DA:151,0
DA:152,0
DA:153,0
DA:154,0
DA:157,0
DA:158,0
DA:159,0
DA:161,0
DA:163,0
DA:164,0
DA:165,0
DA:167,0
DA:169,0
DA:170,0
DA:171,0
DA:179,0
DA:185,0
DA:186,0
DA:190,0
DA:192,0
DA:194,0
DA:195,0
LF:79
LH:0
end_of_record
SF:lib/games/outcome_screen.dart
DA:14,1
DA:23,1
DA:24,2
DA:25,1
DA:26,1
DA:27,1
DA:28,3
DA:29,3
DA:30,3
DA:31,3
DA:33,1
DA:34,5
DA:35,3
DA:37,1
DA:38,4
DA:43,0
DA:45,1
DA:47,1
DA:48,1
DA:51,1
DA:52,1
DA:56,1
LF:22
LH:21
end_of_record
SF:lib/common/team_aware.dart
DA:11,3
DA:12,8
DA:14,2
DA:15,2
DA:16,2
DA:17,2
DA:20,3
DA:21,3
DA:22,2
DA:23,1
DA:24,1
DA:25,1
DA:27,1
DA:28,1
DA:34,2
DA:35,0
DA:36,2
DA:37,0
DA:41,1
DA:42,1
DA:43,5
DA:44,2
LF:22
LH:20
end_of_record
SF:lib/common/score_aware.dart
DA:13,1
DA:14,3
DA:15,1
DA:16,2
DA:17,3
DA:18,1
DA:19,4
DA:21,2
DA:22,3
DA:23,2
DA:25,3
DA:26,3
DA:28,9
DA:29,6
DA:30,1
DA:33,1
DA:34,3
DA:35,2
DA:37,0
DA:40,2
DA:41,2
DA:44,1
DA:45,1
DA:46,2
DA:49,1
DA:50,1
DA:51,3
DA:52,3
DA:53,2
DA:54,2
DA:55,3
DA:56,3
DA:59,1
DA:60,1
DA:61,1
DA:63,1
DA:64,3
DA:66,3
DA:68,1
DA:70,1
DA:71,2
DA:83,4
DA:84,5
DA:86,1
DA:95,1
DA:97,4
DA:98,0
DA:99,0
DA:101,0
DA:103,0
DA:105,3
DA:106,3
DA:108,0
DA:110,1
DA:113,1
DA:114,3
DA:123,2
DA:124,0
DA:126,1
DA:128,1
DA:129,5
DA:136,1
LF:62
LH:55
end_of_record
SF:lib/common/gender.dart
DA:7,1
DA:9,0
DA:10,0
DA:20,2
DA:21,2
DA:22,2
DA:24,2
LF:7
LH:5
end_of_record
SF:lib/common/turn_aware.dart
DA:7,1
DA:8,1
DA:9,1
DA:10,3
DA:12,2
DA:13,4
DA:14,8
DA:15,1
DA:16,2
DA:19,6
DA:20,10
DA:24,1
DA:25,2
DA:26,1
DA:27,4
DA:28,2
DA:29,1
DA:30,1
DA:33,1
DA:34,3
DA:37,1
DA:38,2
DA:41,5
DA:43,3
DA:49,1
LF:25
LH:25
end_of_record
SF:lib/games/small_shot.dart
DA:7,0
DA:9,0
DA:10,0
DA:14,0
DA:16,0
DA:17,0
LF:6
LH:0
end_of_record
SF:lib/games/turn_play.dart
DA:18,1
DA:28,4
DA:30,4
DA:32,1
DA:36,0
DA:37,0
DA:38,0
DA:39,0
DA:44,1
DA:46,1
DA:47,2
DA:48,2
DA:51,1
DA:52,2
DA:57,1
DA:58,1
DA:59,1
DA:60,1
DA:62,1
DA:63,1
DA:64,2
DA:65,2
DA:66,1
DA:68,2
DA:69,5
DA:75,0
DA:77,1
DA:79,1
DA:80,1
DA:81,4
DA:83,1
DA:84,1
DA:86,3
DA:89,1
DA:90,2
DA:92,1
DA:94,1
DA:97,1
DA:101,1
DA:104,2
DA:106,2
DA:115,0
DA:117,0
DA:124,1
DA:126,1
DA:127,1
DA:135,1
DA:137,1
DA:138,1
DA:141,1
DA:142,3
DA:143,2
DA:144,2
DA:145,4
DA:146,2
DA:147,5
DA:152,1
DA:156,1
DA:158,2
DA:159,1
DA:162,1
DA:164,1
DA:165,4
DA:166,3
LF:64
LH:57
end_of_record
SF:lib/games/battleship.dart
DA:13,0
DA:15,0
DA:16,0
DA:22,0
DA:25,0
DA:27,0
DA:28,0
DA:30,0
DA:31,0
DA:33,0
DA:35,0
DA:36,0
DA:41,0
DA:43,0
DA:44,0
DA:48,0
DA:50,0
DA:51,0
DA:52,0
DA:57,0
DA:58,0
DA:64,0
DA:66,0
LF:23
LH:0
end_of_record
SF:lib/common/gap.dart
DA:4,8
LF:1
LH:1
end_of_record
SF:lib/common/i18n.dart
DA:5,3
LF:1
LH:1
end_of_record
SF:lib/common/navigation.dart
DA:14,1
DA:16,1
DA:17,1
DA:18,1
DA:19,1
DA:21,1
DA:22,1
DA:25,1
DA:26,4
DA:27,1
DA:28,1
DA:29,2
DA:30,2
DA:32,1
DA:33,2
DA:34,2
DA:36,1
DA:37,2
DA:38,3
LF:19
LH:19
end_of_record
SF:lib/common/player.dart
DA:13,1
DA:14,1
DA:17,2
DA:18,4
DA:21,1
DA:22,1
DA:23,1
DA:24,2
DA:38,5
DA:40,3
DA:41,1
DA:42,1
DA:43,1
DA:44,1
DA:45,1
DA:47,1
DA:49,3
DA:50,1
DA:51,1
DA:52,1
DA:53,1
DA:54,1
DA:55,1
DA:56,1
DA:59,7
DA:61,7
DA:63,1
DA:64,3
DA:68,2
DA:70,0
DA:73,0
DA:76,0
DA:85,1
DA:88,3
DA:90,1
DA:91,4
DA:92,1
DA:96,2
DA:97,2
DA:98,1
DA:99,1
DA:102,1
DA:103,6
DA:106,1
DA:107,1
DA:108,1
DA:111,1
DA:112,1
DA:113,1
DA:114,1
DA:115,4
DA:117,1
DA:118,3
DA:119,3
DA:123,1
DA:124,2
DA:125,1
DA:131,1
DA:133,1
DA:134,2
DA:136,1
DA:137,1
DA:138,1
DA:139,1
DA:146,1
DA:147,1
DA:149,1
DA:151,1
DA:154,1
DA:155,1
DA:157,5
DA:167,1
DA:169,1
DA:171,1
DA:173,1
DA:175,1
DA:178,1
DA:179,1
DA:181,1
DA:184,1
DA:186,4
DA:189,1
DA:191,2
DA:193,3
DA:194,2
DA:195,1
DA:197,1
DA:198,1
DA:199,3
DA:208,1
DA:209,2
DA:210,2
DA:211,2
DA:212,0
DA:214,4
LF:95
LH:91
end_of_record
SF:lib/common/snackbar.dart
DA:4,0
DA:5,0
DA:6,0
DA:7,0
LF:4
LH:0
end_of_record
SF:lib/games/flame/battleship_board.dart
DA:21,0
DA:23,0
DA:32,0
DA:36,0
DA:37,0
DA:38,0
DA:41,0
DA:42,0
DA:43,0
DA:44,0
DA:45,0
DA:47,0
DA:48,0
DA:49,0
DA:51,0
DA:52,0
DA:53,0
DA:54,0
DA:55,0
DA:60,0
DA:61,0
DA:62,0
DA:63,0
DA:65,0
DA:70,0
DA:72,0
DA:73,0
DA:74,0
DA:75,0
DA:76,0
DA:77,0
DA:84,0
DA:86,0
DA:87,0
DA:88,0
DA:89,0
DA:92,0
DA:93,0
DA:94,0
DA:95,0
DA:96,0
DA:97,0
DA:99,0
DA:102,0
DA:103,0
DA:109,0
DA:110,0
DA:111,0
DA:112,0
DA:113,0
DA:114,0
DA:118,0
DA:119,0
DA:122,0
DA:123,0
DA:124,0
DA:125,0
DA:126,0
DA:127,0
DA:128,0
DA:129,0
DA:130,0
DA:133,0
DA:134,0
DA:135,0
DA:140,0
DA:142,0
DA:143,0
DA:145,0
DA:146,0
DA:148,0
DA:151,0
DA:152,0
DA:155,0
DA:156,0
DA:157,0
DA:161,0
DA:162,0
DA:172,0
DA:174,0
DA:175,0
DA:176,0
DA:177,0
DA:178,0
DA:181,0
DA:182,0
DA:185,0
DA:186,0
DA:189,0
DA:190,0
DA:195,0
DA:198,0
DA:199,0
LF:93
LH:0
end_of_record
SF:lib/games/flame/battleship_item.dart
DA:14,0
DA:21,0
DA:25,0
DA:28,0
DA:30,0
DA:31,0
DA:35,0
DA:36,0
DA:38,0
DA:40,0
DA:41,0
DA:42,0
DA:45,0
DA:47,0
DA:49,0
DA:50,0
DA:51,0
DA:54,0
LF:18
LH:0
end_of_record
SF:lib/games/flame/battleship_module.dart
DA:16,0
DA:18,0
DA:19,0
DA:21,0
DA:25,0
DA:26,0
DA:27,0
DA:32,0
DA:33,0
DA:34,0
DA:35,0
DA:36,0
DA:39,0
DA:40,0
DA:42,0
DA:43,0
DA:44,0
DA:45,0
DA:49,0
DA:51,0
DA:52,0
DA:53,0
DA:54,0
DA:58,0
DA:60,0
DA:61,0
DA:63,0
DA:64,0
DA:65,0
DA:66,0
DA:67,0
DA:68,0
DA:71,0
DA:72,0
DA:74,0
DA:75,0
DA:76,0
DA:77,0
DA:79,0
DA:81,0
DA:82,0
LF:41
LH:0
end_of_record
SF:lib/games/completion_screen.dart
DA:13,1
DA:15,1
DA:16,1
DA:21,1
DA:22,1
DA:23,6
DA:27,1
DA:29,1
DA:30,1
DA:31,2
DA:34,1
DA:36,1
DA:37,1
DA:39,1
DA:40,1
DA:41,3
DA:43,1
DA:46,1
LF:18
LH:18
end_of_record
SF:lib/games/flame/battleship_bomb.dart
DA:6,0
DA:9,0
DA:14,0
DA:16,0
LF:4
LH:0
end_of_record
SF:lib/games/flame/custom_sprite_component.dart
DA:11,0
DA:13,0
DA:15,0
DA:16,0
DA:20,0
DA:21,0
DA:25,0
DA:31,0
DA:33,0
DA:36,0
DA:37,0
DA:38,0
DA:43,0
DA:44,0
DA:45,0
DA:46,0
DA:48,0
DA:49,0
DA:51,0
DA:54,0
DA:56,0
DA:57,0
DA:60,0
DA:62,0
DA:69,0
DA:70,0
DA:76,0
DA:79,0
DA:83,0
DA:84,0
DA:86,0
DA:87,0
DA:88,0
DA:92,0
DA:95,0
DA:97,0
DA:111,0
DA:116,0
DA:125,0
DA:127,0
DA:128,0
DA:129,0
DA:130,0
DA:131,0
DA:132,0
DA:134,0
DA:139,0
DA:141,0
DA:142,0
DA:143,0
DA:148,0
DA:150,0
DA:151,0
DA:155,0
DA:156,0
DA:157,0
DA:158,0
DA:159,0
DA:160,0
DA:161,0
DA:164,0
DA:165,0
DA:170,0
DA:172,0
DA:176,0
DA:178,0
DA:188,0
DA:192,0
DA:194,0
LF:69
LH:0
end_of_record
SF:lib/games/flame/battleship_ship.dart
DA:11,0
DA:16,0
DA:19,0
DA:22,0
DA:24,0
DA:26,0
DA:27,0
LF:7
LH:0
end_of_record
SF:lib/games/shot.dart
DA:19,0
DA:21,0
DA:22,0
DA:23,0
DA:24,0
DA:28,0
DA:29,0
DA:32,2
DA:35,4
DA:36,1
DA:37,1
DA:38,1
DA:41,2
DA:43,1
DA:44,4
DA:45,1
DA:46,1
DA:47,1
DA:50,2
DA:51,1
DA:52,1
DA:53,1
DA:54,4
DA:57,0
DA:58,0
DA:60,0
DA:61,0
DA:63,3
DA:64,5
DA:69,2
DA:70,1
DA:71,1
DA:72,1
DA:75,1
DA:76,3
DA:78,1
DA:80,1
DA:81,1
DA:84,1
DA:99,1
DA:110,1
DA:112,1
DA:113,1
DA:114,2
DA:115,2
DA:116,1
DA:118,0
DA:119,0
DA:232,1
DA:234,1
DA:235,4
DA:236,4
DA:237,2
DA:238,2
DA:240,2
DA:241,1
DA:244,1
DA:247,1
DA:251,1
DA:252,2
DA:253,1
DA:254,0
DA:256,0
DA:257,0
DA:258,0
DA:259,0
DA:261,2
DA:262,1
DA:263,0
DA:264,0
DA:265,0
DA:266,0
DA:267,0
DA:268,0
DA:269,0
DA:270,0
DA:271,0
DA:272,0
DA:274,2
DA:275,2
DA:276,5
DA:280,1
DA:282,1
DA:283,2
DA:284,2
DA:285,1
DA:286,1
DA:288,3
DA:289,2
DA:292,1
DA:293,1
DA:294,2
DA:296,4
DA:299,1
DA:302,1
DA:304,1
DA:305,1
DA:307,1
DA:310,5
DA:322,1
DA:324,1
DA:325,1
LF:102
LH:74
end_of_record
SF:lib/games/placement_screen.dart
DA:14,1
DA:16,1
DA:17,1
DA:22,1
DA:23,1
DA:24,1
DA:25,4
DA:29,2
DA:30,3
DA:31,1
DA:33,1
DA:35,1
DA:36,1
DA:39,1
DA:41,1
DA:43,1
DA:46,1
DA:50,1
DA:58,1
DA:60,1
DA:62,4
DA:63,3
DA:65,3
DA:66,2
DA:67,1
DA:69,1
DA:70,2
DA:71,0
DA:74,1
DA:75,1
DA:77,3
DA:78,1
DA:79,1
DA:80,2
DA:81,1
DA:83,1
DA:86,2
DA:88,1
DA:89,1
DA:90,3
DA:91,3
DA:92,3
DA:93,3
LF:43
LH:42
end_of_record
SF:lib/home_page.dart
DA:12,3
DA:14,1
DA:15,1
DA:23,1
DA:25,1
DA:26,2
DA:27,1
DA:28,3
DA:29,1
DA:30,2
DA:31,1
DA:32,1
DA:37,1
DA:38,4
DA:39,1
DA:40,1
DA:42,3
DA:47,1
DA:50,1
DA:53,1
DA:56,1
DA:60,1
DA:62,1
DA:63,1
DA:66,1
DA:67,1
DA:68,1
DA:70,1
DA:71,1
DA:72,3
DA:73,3
DA:76,1
DA:77,3
DA:78,3
DA:80,1
DA:82,2
DA:86,3
DA:88,1
DA:90,0
LF:39
LH:38
end_of_record
SF:lib/games/turn_interstitial.dart
DA:16,1
DA:18,1
DA:19,1
DA:26,1
DA:28,2
DA:29,1
DA:32,1
DA:33,1
DA:34,1
DA:35,2
DA:39,1
DA:40,1
DA:42,1
DA:49,1
DA:50,6
DA:53,1
DA:55,1
DA:56,1
DA:57,4
DA:58,1
DA:59,1
DA:61,0
DA:63,0
DA:68,0
DA:69,0
DA:70,0
DA:73,0
DA:74,0
DA:75,0
DA:83,1
DA:86,1
DA:87,1
DA:89,1
DA:90,1
DA:92,3
DA:93,2
DA:95,1
DA:97,1
DA:98,1
DA:99,4
DA:101,3
DA:103,4
DA:105,3
DA:114,2
DA:115,1
DA:117,2
DA:118,3
DA:119,1
DA:120,0
LF:49
LH:40
end_of_record
SF:lib/tutorial_page.dart
DA:9,1
DA:11,1
DA:12,1
DA:16,1
DA:18,1
DA:19,1
DA:22,1
DA:23,1
DA:30,1
DA:32,3
LF:10
LH:10
end_of_record
SF:lib/pick_page.dart
DA:16,1
DA:18,1
DA:19,1
DA:28,4
DA:30,1
DA:31,3
DA:34,1
DA:36,1
DA:37,2
DA:38,1
DA:39,1
DA:40,3
DA:41,1
DA:42,1
DA:43,2
DA:44,1
DA:45,1
DA:46,1
DA:47,1
DA:48,1
DA:49,1
DA:51,3
DA:53,2
DA:55,4
DA:56,4
DA:57,3
DA:61,1
DA:62,4
DA:63,2
DA:64,1
DA:65,3
DA:67,1
DA:68,6
DA:69,3
DA:73,1
DA:74,4
DA:77,1
DA:78,1
DA:79,1
DA:80,6
DA:84,1
DA:86,1
DA:87,1
DA:90,1
DA:91,1
DA:93,2
DA:96,1
DA:100,1
DA:115,1
DA:126,1
DA:127,1
DA:128,1
DA:129,1
DA:130,1
DA:131,1
DA:132,1
DA:133,1
DA:138,1
DA:140,1
DA:141,4
DA:143,1
DA:144,4
DA:146,1
DA:147,2
DA:149,1
DA:151,1
DA:152,1
DA:153,2
DA:154,1
DA:155,1
DA:156,4
DA:160,2
DA:161,1
DA:162,1
DA:163,1
DA:164,1
DA:169,1
DA:170,1
DA:171,1
DA:178,1
DA:179,1
DA:180,2
LF:82
LH:82
end_of_record
SF:lib/team_page.dart
DA:22,1
DA:24,1
DA:25,1
DA:31,1
DA:33,1
DA:34,2
DA:35,1
DA:36,2
DA:37,1
DA:42,1
DA:43,1
DA:44,2
DA:45,3
DA:46,2
DA:47,0
DA:48,0
DA:49,0
DA:55,1
DA:56,3
DA:57,1
DA:58,3
DA:59,3
DA:61,2
DA:62,4
DA:67,1
DA:68,2
DA:70,4
DA:71,3
DA:73,3
DA:75,2
DA:76,2
DA:78,1
DA:81,0
DA:82,0
DA:83,0
DA:84,0
DA:86,0
DA:87,0
DA:88,0
DA:93,0
DA:94,0
DA:95,0
DA:96,0
DA:99,0
DA:100,0
DA:101,0
DA:107,1
DA:109,2
DA:110,1
DA:111,1
DA:114,1
DA:115,1
DA:117,1
DA:118,1
DA:119,1
DA:120,2
DA:121,1
DA:122,1
DA:123,3
DA:124,1
DA:127,1
DA:130,0
DA:132,3
DA:133,1
DA:138,3
DA:140,1
DA:143,1
DA:150,1
DA:151,1
DA:152,1
DA:153,4
DA:158,1
DA:159,3
DA:160,4
DA:166,1
DA:168,1
DA:169,1
DA:178,1
DA:180,3
DA:181,4
DA:182,3
DA:183,3
DA:184,1
DA:187,1
DA:188,2
DA:189,2
DA:190,2
DA:194,1
DA:196,1
DA:199,1
DA:200,1
DA:201,1
DA:203,1
DA:205,1
DA:207,2
DA:209,3
DA:210,1
DA:214,1
DA:217,1
DA:219,1
DA:220,0
DA:221,0
DA:222,0
DA:226,1
DA:229,1
DA:231,1
DA:232,0
DA:233,0
DA:234,0
DA:241,1
DA:242,1
DA:244,0
DA:246,1
DA:248,1
DA:249,2
DA:250,7
DA:261,1
DA:263,1
DA:266,4
DA:269,1
DA:270,2
DA:271,1
DA:272,1
LF:123
LH:98
end_of_record
