SF:lib/common/game_features.dart
DA:46,1
DA:68,3
DA:69,3
DA:70,3
DA:73,2
DA:76,3
DA:93,3
DA:111,3
DA:129,0
DA:133,3
DA:143,1
DA:151,0
DA:156,3
DA:174,0
DA:179,3
DA:180,1
DA:181,1
DA:182,1
DA:183,1
DA:184,1
LF:20
LH:17
end_of_record
SF:lib/common/widget_keys.dart
DA:48,4
DA:51,3
LF:2
LH:2
end_of_record
SF:lib/main.dart
DA:6,0
DA:8,0
DA:9,0
DA:10,0
DA:14,2
DA:16,2
DA:17,1
DA:20,1
DA:22,1
DA:24,1
DA:31,2
LF:11
LH:7
end_of_record
SF:lib/common/animation_loader.dart
DA:7,1
DA:13,1
DA:14,1
DA:15,4
DA:16,0
DA:17,0
DA:19,0
DA:20,0
DA:22,0
LF:9
LH:4
end_of_record
SF:lib/common/clock.dart
DA:9,1
DA:11,1
DA:12,1
DA:20,1
DA:22,1
DA:23,1
DA:26,1
DA:27,3
DA:28,2
DA:29,2
DA:30,4
DA:31,2
DA:32,5
DA:37,1
DA:41,1
DA:43,2
DA:44,1
DA:47,1
DA:49,1
DA:50,1
DA:51,3
DA:52,4
LF:22
LH:22
end_of_record
SF:lib/common/custom_button.dart
DA:15,1
DA:23,1
DA:24,1
DA:35,1
DA:37,2
DA:41,3
DA:42,5
DA:43,3
DA:44,1
DA:47,1
DA:49,2
DA:50,1
DA:53,1
DA:55,1
DA:56,2
DA:57,1
DA:58,1
DA:60,2
DA:62,2
DA:66,1
DA:68,3
DA:69,2
DA:70,2
DA:73,1
DA:75,1
DA:76,2
DA:77,1
DA:80,1
DA:81,1
DA:83,2
DA:93,2
DA:94,1
DA:95,3
DA:96,2
DA:98,1
DA:100,1
DA:101,2
DA:115,1
DA:122,1
DA:123,5
DA:125,1
DA:127,1
DA:128,4
DA:129,2
DA:131,1
DA:136,1
DA:137,3
DA:138,5
DA:140,6
DA:142,3
DA:145,1
DA:147,2
LF:52
LH:52
end_of_record
SF:lib/common/custom_fab.dart
DA:10,1
DA:17,1
DA:19,1
DA:20,1
DA:21,1
DA:22,1
DA:23,2
DA:31,1
DA:32,0
LF:9
LH:8
end_of_record
SF:lib/common/fitted_text.dart
DA:7,1
DA:9,1
DA:11,1
DA:12,1
DA:13,1
DA:15,1
DA:16,1
DA:17,1
LF:8
LH:8
end_of_record
SF:lib/common/game_aware.dart
DA:13,1
LF:1
LH:1
end_of_record
SF:lib/common/gap.dart
DA:7,9
LF:1
LH:1
end_of_record
SF:lib/common/gender.dart
DA:13,1
DA:15,0
DA:16,0
DA:22,2
DA:23,2
DA:24,2
DA:26,2
LF:7
LH:5
end_of_record
SF:lib/common/i18n.dart
DA:5,3
LF:1
LH:1
end_of_record
SF:lib/common/interstitial_animation.dart
DA:11,2
DA:13,1
DA:14,1
DA:20,1
DA:22,1
DA:23,1
DA:26,1
DA:27,3
DA:28,0
DA:31,1
DA:32,2
DA:35,0
DA:36,0
DA:37,0
DA:42,1
DA:44,1
DA:46,1
DA:48,0
LF:18
LH:13
end_of_record
SF:lib/common/move.dart
DA:9,0
DA:18,1
DA:24,0
DA:28,0
DA:34,3
DA:40,1
DA:41,1
LF:7
LH:4
end_of_record
SF:lib/common/navigation.dart
DA:16,1
DA:22,1
DA:23,1
DA:25,1
DA:26,1
DA:32,1
DA:33,1
DA:39,1
DA:40,4
DA:41,1
DA:42,1
DA:43,3
DA:45,1
DA:46,3
DA:48,1
DA:49,1
DA:50,3
LF:17
LH:17
end_of_record
SF:lib/common/player.dart
DA:26,3
DA:27,1
DA:28,1
DA:29,1
DA:30,1
DA:31,1
DA:33,1
DA:35,3
DA:36,1
DA:37,1
DA:38,1
DA:39,1
DA:40,1
DA:41,1
DA:42,1
DA:45,7
DA:47,7
DA:49,5
DA:51,1
DA:52,1
DA:55,2
DA:56,4
DA:59,1
DA:60,1
DA:61,1
DA:62,2
DA:66,1
DA:67,3
DA:71,0
DA:74,0
DA:77,0
DA:80,2
DA:90,1
DA:97,3
DA:99,1
DA:100,4
DA:101,1
DA:105,0
DA:106,0
DA:109,0
DA:110,0
DA:113,1
DA:115,1
DA:116,1
DA:117,1
DA:118,1
DA:119,1
DA:122,1
DA:123,2
DA:124,1
DA:125,1
DA:126,4
DA:128,1
DA:129,3
DA:130,1
DA:131,2
DA:136,1
DA:137,2
DA:138,1
DA:148,0
DA:154,1
DA:161,2
DA:162,2
DA:169,1
DA:171,1
DA:172,2
DA:174,1
DA:175,1
DA:176,1
DA:177,1
DA:186,1
DA:188,1
DA:190,6
DA:195,2
DA:197,1
DA:199,1
DA:200,1
DA:201,1
DA:204,1
DA:205,2
DA:207,5
DA:220,1
DA:225,1
DA:227,1
DA:229,1
DA:231,1
DA:232,1
DA:233,1
DA:236,1
DA:237,1
DA:239,2
DA:242,1
DA:244,4
DA:247,1
DA:249,2
DA:251,3
DA:252,2
DA:253,1
DA:255,1
DA:256,1
DA:257,1
DA:258,2
DA:269,1
DA:270,1
DA:271,1
DA:272,2
DA:273,2
LF:107
LH:99
end_of_record
SF:lib/common/score_aware.dart
DA:11,3
DA:12,3
DA:14,1
DA:15,2
DA:16,3
DA:17,1
DA:18,4
DA:20,2
DA:21,3
DA:22,2
DA:24,3
DA:25,3
DA:26,2
DA:27,7
DA:30,1
DA:33,1
DA:35,3
DA:36,2
DA:38,0
DA:41,2
DA:42,2
DA:45,1
DA:46,2
DA:47,2
DA:50,1
DA:51,1
DA:52,3
DA:53,3
DA:54,1
DA:55,3
DA:56,3
DA:57,2
DA:59,1
DA:61,3
DA:64,1
DA:65,1
DA:66,1
DA:68,1
DA:69,3
DA:71,3
DA:73,1
DA:75,1
DA:76,1
DA:77,1
DA:91,4
DA:93,5
DA:95,3
DA:97,1
DA:98,3
DA:100,1
DA:109,1
DA:112,1
DA:114,4
DA:115,0
DA:116,0
DA:118,0
DA:120,0
DA:122,3
DA:123,3
DA:125,0
DA:127,1
DA:130,1
DA:131,3
DA:140,2
DA:142,0
DA:144,1
DA:146,1
DA:147,5
DA:154,1
LF:69
LH:62
end_of_record
SF:lib/common/snackbar.dart
DA:4,0
DA:7,0
DA:8,0
DA:9,0
LF:4
LH:0
end_of_record
SF:lib/common/squeeze_or_scroll.dart
DA:9,1
DA:17,1
DA:19,1
DA:20,0
DA:21,0
DA:22,0
DA:23,0
DA:25,2
DA:26,1
DA:27,1
DA:28,1
LF:11
LH:7
end_of_record
SF:lib/common/style_guide.dart
DA:13,2
DA:14,1
DA:15,4
LF:3
LH:3
end_of_record
SF:lib/common/team_aware.dart
DA:10,3
DA:12,8
DA:14,2
DA:15,2
DA:16,2
DA:17,2
DA:20,3
DA:21,3
DA:22,2
DA:23,1
DA:24,1
DA:25,1
DA:27,1
DA:28,1
DA:34,2
DA:35,0
DA:36,2
DA:37,0
DA:41,1
DA:42,1
DA:43,5
DA:44,3
LF:22
LH:20
end_of_record
SF:lib/common/tracked_state.dart
DA:4,1
DA:6,1
DA:7,5
LF:3
LH:3
end_of_record
SF:lib/common/turn_aware.dart
DA:8,1
DA:10,2
DA:12,1
DA:14,1
DA:16,2
DA:18,3
DA:20,2
DA:21,4
DA:22,8
DA:23,1
DA:24,2
DA:28,6
DA:29,10
DA:34,1
DA:35,2
DA:36,1
DA:37,4
DA:38,2
DA:39,1
DA:40,1
DA:43,1
DA:44,4
DA:46,1
DA:51,1
DA:52,2
DA:54,3
DA:56,1
DA:57,4
DA:59,3
LF:29
LH:29
end_of_record
SF:lib/common/with_bubbles.dart
DA:10,0
DA:16,1
DA:18,1
DA:25,1
DA:27,0
DA:29,1
DA:30,1
DA:31,2
DA:32,5
DA:33,2
DA:40,1
DA:43,1
DA:57,1
DA:59,1
DA:60,1
DA:67,2
DA:68,2
DA:72,2
DA:79,1
DA:81,3
DA:82,1
DA:83,3
DA:84,2
DA:85,5
DA:88,3
DA:89,4
DA:91,1
DA:94,1
DA:95,2
DA:96,3
DA:99,1
DA:101,2
DA:102,2
DA:103,2
DA:104,1
DA:107,1
DA:109,1
DA:110,1
DA:113,1
DA:115,1
DA:116,1
DA:119,1
DA:121,2
DA:122,4
DA:123,5
DA:125,1
DA:126,1
DA:127,1
DA:128,1
DA:129,3
DA:134,1
DA:135,3
DA:138,2
DA:139,1
DA:140,1
DA:143,1
DA:145,5
DA:146,2
LF:58
LH:56
end_of_record
SF:lib/games/battleship.dart
DA:17,0
DA:19,0
DA:20,0
DA:24,0
DA:29,0
DA:30,0
DA:34,0
DA:35,0
DA:41,0
DA:43,0
DA:44,0
DA:47,0
DA:48,0
DA:49,0
DA:52,0
DA:54,0
DA:59,0
DA:61,0
DA:62,0
DA:66,0
DA:68,0
DA:69,0
DA:72,0
DA:80,0
DA:85,0
DA:86,0
DA:88,0
DA:89,0
DA:95,0
DA:96,0
DA:98,0
DA:99,0
DA:104,0
DA:106,0
DA:107,0
DA:108,0
DA:109,0
DA:111,0
DA:112,0
DA:113,0
DA:116,0
DA:117,0
DA:119,0
DA:120,0
DA:121,0
DA:129,0
DA:132,0
DA:133,0
DA:138,0
DA:139,0
DA:140,0
DA:141,0
DA:142,0
DA:143,0
DA:144,0
DA:146,0
DA:147,0
DA:154,0
DA:156,0
DA:157,0
LF:60
LH:0
end_of_record
SF:lib/games/game_area.dart
DA:11,1
DA:25,1
DA:27,1
DA:28,3
LF:4
LH:4
end_of_record
SF:lib/games/large_shot.dart
DA:8,3
DA:10,1
DA:11,1
DA:15,1
DA:20,1
DA:21,1
DA:25,1
DA:26,1
DA:30,3
DA:32,1
DA:33,1
LF:11
LH:11
end_of_record
SF:lib/games/morra.dart
DA:11,0
DA:13,0
DA:14,0
DA:18,0
DA:23,0
DA:24,0
DA:28,0
DA:29,0
DA:37,0
DA:39,0
DA:40,0
DA:43,0
DA:44,0
DA:45,0
DA:46,0
DA:47,0
DA:51,0
DA:53,0
DA:54,0
DA:56,0
DA:59,0
DA:60,0
DA:62,0
DA:64,0
DA:65,0
DA:66,0
DA:67,0
DA:70,0
DA:71,0
DA:73,0
DA:75,0
DA:76,0
DA:80,0
DA:81,0
DA:82,0
DA:83,0
DA:85,0
DA:86,0
DA:88,0
DA:90,0
DA:91,0
DA:92,0
DA:93,0
DA:99,0
DA:101,0
DA:102,0
DA:128,0
DA:130,0
DA:132,0
DA:133,0
DA:135,0
DA:137,0
DA:139,0
DA:144,0
DA:146,0
DA:147,0
DA:156,0
DA:158,0
DA:159,0
DA:160,0
DA:161,0
DA:162,0
DA:164,0
DA:168,0
DA:171,0
DA:173,0
DA:174,0
DA:175,0
DA:176,0
DA:179,0
DA:180,0
DA:181,0
DA:183,0
DA:185,0
DA:186,0
DA:187,0
DA:189,0
DA:191,0
DA:192,0
DA:193,0
DA:201,0
DA:210,0
DA:212,0
DA:213,0
DA:215,0
DA:217,0
DA:218,0
LF:87
LH:0
end_of_record
SF:lib/games/small_shot.dart
DA:8,0
DA:10,0
DA:11,0
DA:15,0
DA:20,0
DA:21,0
DA:25,0
DA:26,0
DA:30,0
DA:32,0
DA:33,0
LF:11
LH:0
end_of_record
SF:lib/screens/outcome_screen.dart
DA:7,1
DA:18,1
DA:19,2
DA:20,1
DA:21,1
DA:22,1
DA:23,3
DA:24,3
DA:25,3
DA:26,3
DA:27,3
DA:29,1
DA:30,5
DA:31,3
DA:33,1
DA:34,4
DA:38,1
DA:40,1
DA:41,1
DA:45,0
DA:46,0
DA:48,0
DA:50,0
DA:51,0
DA:52,0
DA:59,1
DA:61,1
DA:62,1
DA:65,1
DA:66,1
DA:70,1
LF:31
LH:25
end_of_record
SF:lib/screens/turn_play_screen.dart
DA:8,1
DA:10,1
DA:25,4
DA:27,1
DA:29,1
DA:31,1
DA:32,2
DA:33,3
DA:36,0
DA:37,0
DA:38,0
DA:39,0
DA:40,0
DA:45,1
DA:47,4
DA:48,1
DA:49,1
DA:51,1
DA:52,1
DA:53,2
DA:54,2
DA:56,1
DA:58,1
DA:59,1
DA:60,4
DA:61,1
DA:66,1
DA:68,1
DA:69,1
DA:70,4
DA:72,1
DA:73,1
DA:74,3
DA:75,1
DA:76,2
DA:79,1
DA:81,1
DA:84,4
DA:85,1
DA:86,1
DA:91,1
DA:93,1
DA:96,1
DA:97,1
DA:98,2
DA:102,3
LF:46
LH:41
end_of_record
SF:lib/games/stopwatch.dart
DA:14,0
DA:19,0
DA:20,0
DA:22,0
DA:23,0
DA:25,0
DA:27,0
DA:28,0
DA:32,0
DA:34,0
DA:36,0
DA:41,0
DA:46,0
DA:47,0
DA:51,0
DA:52,0
DA:61,0
DA:63,0
DA:64,0
DA:65,0
DA:66,0
DA:67,0
DA:68,0
DA:71,0
DA:72,0
DA:75,0
DA:76,0
DA:77,0
DA:80,0
DA:82,0
DA:83,0
DA:86,0
DA:87,0
DA:88,0
DA:91,0
DA:93,0
DA:94,0
DA:95,0
DA:96,0
DA:97,0
DA:99,0
DA:100,0
DA:103,0
DA:105,0
DA:106,0
DA:107,0
DA:111,0
DA:112,0
DA:114,0
DA:116,0
DA:117,0
DA:119,0
DA:122,0
DA:136,0
DA:138,0
DA:139,0
DA:147,0
DA:149,0
DA:151,0
LF:59
LH:0
end_of_record
SF:lib/games/flame/battleship_module.dart
DA:20,0
DA:22,0
DA:23,0
DA:25,0
DA:29,0
DA:32,0
DA:33,0
DA:38,0
DA:39,0
DA:40,0
DA:41,0
DA:42,0
DA:46,0
DA:48,0
DA:49,0
DA:50,0
DA:51,0
DA:55,0
DA:57,0
DA:58,0
DA:59,0
DA:60,0
DA:64,0
DA:66,0
DA:67,0
DA:69,0
DA:70,0
DA:71,0
DA:72,0
DA:73,0
DA:74,0
DA:77,0
DA:78,0
DA:80,0
DA:81,0
DA:82,0
DA:83,0
DA:85,0
DA:87,0
DA:88,0
LF:40
LH:0
end_of_record
SF:lib/games/flame/battleship_board.dart
DA:28,0
DA:30,0
DA:32,0
DA:33,0
DA:34,0
DA:35,0
DA:37,0
DA:41,0
DA:42,0
DA:43,0
DA:46,0
DA:47,0
DA:48,0
DA:49,0
DA:50,0
DA:52,0
DA:53,0
DA:54,0
DA:56,0
DA:57,0
DA:58,0
DA:59,0
DA:60,0
DA:65,0
DA:71,0
DA:73,0
DA:74,0
DA:75,0
DA:76,0
DA:77,0
DA:78,0
DA:85,0
DA:87,0
DA:88,0
DA:89,0
DA:90,0
DA:93,0
DA:94,0
DA:95,0
DA:96,0
DA:97,0
DA:98,0
DA:100,0
DA:103,0
DA:104,0
DA:110,0
DA:111,0
DA:112,0
DA:113,0
DA:114,0
DA:115,0
DA:119,0
DA:120,0
DA:124,0
DA:125,0
DA:126,0
DA:127,0
DA:128,0
DA:129,0
DA:130,0
DA:131,0
DA:132,0
DA:135,0
DA:136,0
DA:137,0
DA:142,0
DA:144,0
DA:145,0
DA:147,0
DA:148,0
DA:150,0
DA:153,0
DA:154,0
DA:157,0
DA:158,0
DA:161,0
DA:162,0
DA:163,0
DA:174,0
DA:175,0
DA:176,0
DA:177,0
DA:178,0
DA:181,0
DA:183,0
DA:184,0
DA:187,0
DA:188,0
DA:191,0
DA:192,0
DA:197,0
DA:200,0
DA:201,0
LF:93
LH:0
end_of_record
SF:lib/games/flame/battleship_item.dart
DA:11,0
DA:17,0
DA:20,0
DA:24,0
DA:26,0
DA:27,0
DA:28,0
DA:30,0
DA:31,0
DA:33,0
DA:35,0
DA:36,0
DA:37,0
DA:40,0
DA:42,0
DA:44,0
DA:45,0
DA:46,0
DA:49,0
LF:19
LH:0
end_of_record
SF:lib/games/flame/battleship_bomb.dart
DA:6,0
DA:9,0
DA:14,0
DA:16,0
LF:4
LH:0
end_of_record
SF:lib/games/flame/custom_sprite_component.dart
DA:14,0
DA:15,0
DA:19,0
DA:28,0
DA:33,0
DA:34,0
DA:35,0
DA:36,0
DA:38,0
DA:39,0
DA:41,0
DA:44,0
DA:46,0
DA:48,0
DA:50,0
DA:51,0
DA:53,0
DA:56,0
DA:57,0
DA:58,0
DA:61,0
DA:63,0
DA:64,0
DA:67,0
DA:75,0
DA:76,0
DA:82,0
DA:85,0
DA:89,0
DA:90,0
DA:92,0
DA:93,0
DA:94,0
DA:98,0
DA:101,0
DA:103,0
DA:104,0
DA:105,0
DA:106,0
DA:107,0
DA:108,0
DA:110,0
DA:126,0
DA:134,0
DA:136,0
DA:138,0
DA:139,0
DA:140,0
DA:141,0
DA:142,0
DA:143,0
DA:145,0
DA:150,0
DA:152,0
DA:153,0
DA:154,0
DA:159,0
DA:161,0
DA:165,0
DA:167,0
DA:171,0
DA:173,0
DA:174,0
DA:178,0
DA:179,0
DA:180,0
DA:181,0
DA:182,0
DA:183,0
DA:184,0
DA:187,0
DA:188,0
DA:199,0
DA:204,0
DA:206,0
LF:75
LH:0
end_of_record
SF:lib/games/flame/battleship_ship.dart
DA:7,0
DA:12,0
DA:13,0
DA:17,0
DA:19,0
DA:21,0
DA:22,0
DA:26,0
DA:30,0
DA:31,0
DA:32,0
DA:33,0
DA:34,0
DA:35,0
DA:36,0
DA:39,0
DA:40,0
LF:17
LH:0
end_of_record
SF:lib/games/shot.dart
DA:22,0
DA:24,0
DA:26,0
DA:27,0
DA:28,0
DA:29,0
DA:33,0
DA:34,0
DA:37,1
DA:38,2
DA:40,1
DA:42,1
DA:43,2
DA:57,1
DA:68,1
DA:70,4
DA:71,1
DA:72,1
DA:73,1
DA:74,1
DA:75,1
DA:78,1
DA:80,0
DA:81,0
DA:87,1
DA:92,1
DA:95,1
DA:96,1
DA:97,1
DA:102,1
DA:107,1
DA:109,1
DA:110,1
DA:111,1
DA:112,1
DA:121,1
DA:128,1
DA:130,1
DA:131,1
DA:132,1
DA:133,1
DA:134,3
DA:137,2
DA:138,0
DA:139,0
DA:141,1
DA:142,2
DA:144,3
DA:147,1
DA:148,1
DA:151,1
DA:152,1
DA:153,2
DA:155,2
DA:270,1
DA:272,1
DA:273,4
DA:274,4
DA:275,2
DA:276,2
DA:278,2
DA:279,1
DA:282,1
DA:285,0
DA:289,1
DA:290,1
DA:291,1
DA:292,2
DA:293,1
DA:294,0
DA:296,0
DA:297,0
DA:299,0
DA:300,0
DA:302,1
DA:303,1
DA:304,0
DA:305,0
DA:306,0
DA:307,0
DA:308,0
DA:309,0
DA:310,0
DA:311,0
DA:312,0
DA:313,0
DA:315,2
DA:316,2
DA:318,5
DA:322,1
DA:324,3
DA:325,1
DA:326,2
DA:327,2
DA:328,1
DA:329,1
DA:331,3
DA:332,2
DA:335,1
DA:336,1
DA:337,2
DA:339,1
DA:342,1
DA:345,2
DA:347,1
DA:348,1
DA:350,1
DA:353,1
DA:354,1
DA:365,1
DA:367,1
DA:368,1
LF:112
LH:84
end_of_record
SF:lib/screens/title_screen.dart
DA:7,3
DA:9,1
DA:10,1
DA:18,1
DA:20,1
DA:21,2
DA:24,1
DA:25,1
DA:26,3
DA:27,1
DA:28,1
DA:29,2
DA:30,1
DA:31,1
DA:36,1
DA:38,3
DA:40,1
DA:41,1
DA:44,1
DA:45,1
DA:46,1
DA:48,1
DA:49,1
DA:50,1
DA:51,2
DA:53,1
DA:56,1
DA:57,1
DA:58,2
DA:60,1
DA:63,1
DA:65,2
DA:69,3
DA:71,1
DA:73,0
DA:91,1
DA:98,1
DA:100,3
DA:101,1
DA:102,1
DA:103,3
DA:107,1
DA:108,1
DA:110,1
DA:111,1
DA:114,1
DA:115,1
DA:116,1
DA:117,1
LF:49
LH:48
end_of_record
SF:lib/screens/completion_screen.dart
DA:8,1
DA:10,1
DA:11,1
DA:16,1
DA:17,1
DA:18,6
DA:22,1
DA:24,1
DA:25,1
DA:26,2
DA:32,1
DA:34,1
DA:35,1
DA:37,1
DA:38,1
DA:40,3
DA:43,1
DA:46,1
LF:18
LH:18
end_of_record
SF:lib/screens/placement_screen.dart
DA:10,1
DA:12,1
DA:13,1
DA:20,1
DA:22,1
DA:23,2
DA:24,3
DA:25,1
DA:28,1
DA:29,1
DA:30,1
DA:31,4
DA:35,1
DA:37,1
DA:38,1
DA:41,1
DA:43,1
DA:45,1
DA:48,1
DA:54,1
DA:63,1
DA:65,1
DA:67,4
DA:68,3
DA:70,3
DA:71,2
DA:72,1
DA:76,1
DA:77,2
DA:78,0
DA:80,1
DA:84,1
DA:86,3
DA:87,1
DA:88,1
DA:89,2
DA:90,1
DA:92,1
DA:95,2
DA:97,1
DA:98,1
DA:99,3
DA:100,3
DA:101,3
DA:102,3
LF:45
LH:44
end_of_record
SF:lib/screens/pick_screen.dart
DA:9,1
DA:11,1
DA:12,1
DA:22,4
DA:24,1
DA:25,3
DA:28,1
DA:30,1
DA:31,2
DA:32,1
DA:33,1
DA:34,3
DA:35,1
DA:36,1
DA:37,2
DA:38,1
DA:39,1
DA:40,1
DA:41,1
DA:42,1
DA:43,1
DA:44,1
DA:46,2
DA:48,4
DA:49,4
DA:50,3
DA:54,1
DA:55,4
DA:56,2
DA:57,1
DA:58,3
DA:60,1
DA:61,6
DA:62,3
DA:66,1
DA:67,3
DA:68,3
DA:70,1
DA:71,1
DA:72,1
DA:73,6
DA:77,1
DA:79,1
DA:80,1
DA:83,1
DA:84,1
DA:86,2
DA:89,1
DA:93,1
DA:108,1
DA:119,1
DA:120,1
DA:121,1
DA:122,1
DA:123,1
DA:124,1
DA:125,1
DA:126,1
DA:131,1
DA:133,1
DA:134,1
DA:135,2
DA:136,2
DA:137,2
DA:138,1
DA:139,2
DA:141,1
DA:143,1
DA:144,1
DA:145,2
DA:146,1
DA:147,1
DA:148,2
DA:150,1
DA:151,1
DA:152,2
DA:158,1
DA:159,1
DA:160,1
DA:167,1
DA:168,1
DA:169,2
LF:82
LH:82
end_of_record
SF:lib/screens/turn_instructions_screen.dart
DA:11,1
DA:13,1
DA:14,1
DA:21,1
DA:23,2
DA:24,1
DA:27,1
DA:28,1
DA:29,1
DA:30,2
DA:34,1
DA:35,1
DA:37,1
DA:45,1
DA:46,1
DA:47,1
DA:48,4
DA:49,1
DA:52,1
DA:54,2
DA:56,1
DA:57,1
DA:58,4
DA:59,1
DA:60,1
DA:62,0
DA:64,0
DA:70,0
DA:71,0
DA:72,0
DA:75,0
DA:76,0
DA:78,0
DA:79,0
DA:88,1
DA:91,1
DA:92,1
DA:97,1
DA:98,1
DA:101,1
DA:103,2
DA:106,1
DA:108,1
DA:109,1
DA:110,1
DA:111,3
DA:113,1
DA:116,1
DA:117,3
DA:119,1
DA:121,4
DA:131,1
DA:133,2
DA:134,1
DA:136,2
DA:137,3
DA:138,1
DA:139,0
LF:58
LH:48
end_of_record
SF:lib/screens/team_page.dart
DA:14,1
DA:16,1
DA:17,1
DA:23,1
DA:25,1
DA:26,2
DA:27,1
DA:28,1
DA:29,2
DA:30,1
DA:36,1
DA:37,3
DA:38,1
DA:39,1
DA:40,2
DA:42,3
DA:43,1
DA:44,2
DA:45,4
DA:50,1
DA:51,2
DA:53,4
DA:54,3
DA:55,3
DA:56,2
DA:57,2
DA:59,1
DA:62,0
DA:63,0
DA:64,0
DA:65,0
DA:67,0
DA:68,0
DA:69,0
DA:74,0
DA:75,0
DA:76,0
DA:77,0
DA:80,0
DA:81,0
DA:82,0
DA:90,1
DA:91,1
DA:92,1
DA:93,4
DA:97,1
DA:98,4
DA:99,4
DA:102,1
DA:104,1
DA:105,1
DA:106,1
DA:109,1
DA:110,1
DA:112,1
DA:113,1
DA:114,1
DA:115,2
DA:116,1
DA:117,4
DA:119,1
DA:120,1
DA:122,3
DA:123,1
DA:126,1
DA:130,0
DA:134,3
DA:135,1
DA:142,3
DA:144,1
DA:148,1
DA:159,1
DA:161,1
DA:162,1
DA:171,1
DA:173,3
DA:174,4
DA:175,3
DA:176,3
DA:177,1
DA:180,1
DA:181,2
DA:184,1
DA:185,2
DA:186,1
DA:190,1
DA:192,1
DA:196,1
DA:197,1
DA:199,1
DA:201,1
DA:203,2
DA:205,3
DA:206,1
DA:210,1
DA:213,1
DA:215,1
DA:216,0
DA:217,0
DA:218,0
DA:223,1
DA:226,1
DA:228,1
DA:229,0
DA:230,0
DA:231,0
DA:238,1
DA:239,1
DA:241,0
DA:244,1
DA:246,1
DA:247,2
DA:248,7
DA:260,1
DA:262,1
DA:267,4
DA:270,1
DA:271,2
DA:272,1
DA:273,1
LF:120
LH:98
end_of_record
SF:lib/screens/tutorial_screen.dart
DA:10,1
DA:12,1
DA:13,1
DA:17,1
DA:20,1
DA:21,1
DA:24,1
DA:26,1
DA:27,1
DA:28,1
DA:29,1
DA:30,1
DA:34,1
DA:36,1
DA:94,1
DA:96,3
LF:16
LH:16
end_of_record
SF:lib/screens/turn_interstitial_screen.dart
DA:6,1
DA:8,1
DA:9,1
DA:15,1
DA:17,2
DA:18,1
DA:21,1
DA:22,6
DA:25,1
DA:27,1
DA:28,5
DA:29,1
DA:30,1
DA:31,3
DA:34,1
DA:38,1
LF:16
LH:16
end_of_record
